<?xml version="1.0" encoding="UTF-8"?>
<!-- Generated by org.testng.reporters.JUnitReportReporter -->
<testsuite hostname="DESKTOP-78S3B2F" failures="0" tests="1" name="com.ui.tests.LoginTest3" time="46.583" errors="0" timestamp="2025-08-29T15:58:32 IST" skipped="0">
  <testcase classname="com.ui.tests.LoginTest3" name="loginJsonTest" time="46.583"/>
</testsuite> <!-- com.ui.tests.LoginTest3 -->
